# JRE version: OpenJDK Runtime Environment Temurin-21.0.9+10 (21.0.9+10) (build 21.0.9+10-LTS)
# Java VM: OpenJDK 64-Bit Server VM Temurin-21.0.9+10 (21.0.9+10-LTS, mixed mode, sharing, tiered, compressed oops, compressed class ptrs, parallel gc, windows-amd64)
GC Precious Log:
 CardTable entry size: 512
 CPUs: 8 total, 8 available
 Memory: 16107M
 Large Page Support: Disabled
 NUMA Support: Disabled
 Compressed Oops: Enabled (32-bit)
 Alignments: Space 512K, Generation 512K, Heap 2M
 Heap Min Capacity: 100M
 Heap Initial Capacity: 100M
 Heap Max Capacity: 2G
 Pre-touch: Disabled
 Parallel Workers: 8
Heap:
 PSYoungGen      total 8704K, used 4070K [0x00000000d5580000, 0x00000000d6080000, 0x0000000100000000)
  eden space 7680K, 46% used [0x00000000d5580000,0x00000000d5900438,0x00000000d5d00000)
  from space 1024K, 47% used [0x00000000d5e80000,0x00000000d5ef9420,0x00000000d5f80000)
  to   space 1024K, 0% used [0x00000000d5f80000,0x00000000d5f80000,0x00000000d6080000)
 ParOldGen       total 296448K, used 295475K [0x0000000080000000, 0x0000000092180000, 0x00000000d5580000)
  object space 296448K, 99% used [0x0000000080000000,0x000000009208cc90,0x0000000092180000)
 Metaspace       used 69990K, committed 71680K, reserved 1114112K
  class space    used 7396K, committed 8128K, reserved 1048576K
GC Heap History (20 events):
Event: 80742.529 GC heap before
{Heap before GC invocations=259 (full 3):
 PSYoungGen      total 8192K, used 6988K [0x00000000d5580000, 0x00000000d5f00000, 0x0000000100000000)
  eden space 7680K, 86% used [0x00000000d5580000,0x00000000d5bfb310,0x00000000d5d00000)
  from space 512K, 68% used [0x00000000d5d00000,0x00000000d5d58000,0x00000000d5d80000)
  to   space 1024K, 0% used [0x00000000d5e00000,0x00000000d5e00000,0x00000000d5f00000)
 ParOldGen       total 255488K, used 255424K [0x0000000080000000, 0x000000008f980000, 0x00000000d5580000)
  object space 255488K, 99% used [0x0000000080000000,0x000000008f9701b8,0x000000008f980000)
 Metaspace       used 67702K, committed 69376K, reserved 1114112K
  class space    used 7128K, committed 7872K, reserved 1048576K
}
Event: 80742.530 GC heap after
{Heap after GC invocations=259 (full 3):
 PSYoungGen      total 8192K, used 160K [0x00000000d5580000, 0x00000000d5e80000, 0x0000000100000000)
  eden space 7680K, 0% used [0x00000000d5580000,0x00000000d5580000,0x00000000d5d00000)
  from space 512K, 31% used [0x00000000d5e00000,0x00000000d5e28000,0x00000000d5e80000)
  to   space 512K, 0% used [0x00000000d5d00000,0x00000000d5d00000,0x00000000d5d80000)
 ParOldGen       total 256000K, used 255512K [0x0000000080000000, 0x000000008fa00000, 0x00000000d5580000)
  object space 256000K, 99% used [0x0000000080000000,0x000000008f9861b8,0x000000008fa00000)
 Metaspace       used 67702K, committed 69376K, reserved 1114112K
  class space    used 7128K, committed 7872K, reserved 1048576K
}
Event: 80742.536 GC heap before
{Heap before GC invocations=260 (full 3):
 PSYoungGen      total 8192K, used 6573K [0x00000000d5580000, 0x00000000d5e80000, 0x0000000100000000)
  eden space 7680K, 83% used [0x00000000d5580000,0x00000000d5bc3608,0x00000000d5d00000)
  from space 512K, 31% used [0x00000000d5e00000,0x00000000d5e28000,0x00000000d5e80000)
  to   space 512K, 0% used [0x00000000d5d00000,0x00000000d5d00000,0x00000000d5d80000)
 ParOldGen       total 256000K, used 255512K [0x0000000080000000, 0x000000008fa00000, 0x00000000d5580000)
  object space 256000K, 99% used [0x0000000080000000,0x000000008f9861b8,0x000000008fa00000)
 Metaspace       used 67707K, committed 69376K, reserved 1114112K
  class space    used 7128K, committed 7872K, reserved 1048576K
}
Event: 80742.537 GC heap after
{Heap after GC invocations=260 (full 3):
 PSYoungGen      total 8192K, used 428K [0x00000000d5580000, 0x00000000d5e80000, 0x0000000100000000)
  eden space 7680K, 0% used [0x00000000d5580000,0x00000000d5580000,0x00000000d5d00000)
  from space 512K, 83% used [0x00000000d5d00000,0x00000000d5d6b1e0,0x00000000d5d80000)
  to   space 512K, 0% used [0x00000000d5e00000,0x00000000d5e00000,0x00000000d5e80000)
 ParOldGen       total 259072K, used 258536K [0x0000000080000000, 0x000000008fd00000, 0x00000000d5580000)
  object space 259072K, 99% used [0x0000000080000000,0x000000008fc7a0d8,0x000000008fd00000)
 Metaspace       used 67707K, committed 69376K, reserved 1114112K
  class space    used 7128K, committed 7872K, reserved 1048576K
}
Event: 80742.542 GC heap before
{Heap before GC invocations=261 (full 3):
 PSYoungGen      total 8192K, used 8108K [0x00000000d5580000, 0x00000000d5e80000, 0x0000000100000000)
  eden space 7680K, 100% used [0x00000000d5580000,0x00000000d5d00000,0x00000000d5d00000)
  from space 512K, 83% used [0x00000000d5d00000,0x00000000d5d6b1e0,0x00000000d5d80000)
  to   space 512K, 0% used [0x00000000d5e00000,0x00000000d5e00000,0x00000000d5e80000)
 ParOldGen       total 259072K, used 258536K [0x0000000080000000, 0x000000008fd00000, 0x00000000d5580000)
  object space 259072K, 99% used [0x0000000080000000,0x000000008fc7a0d8,0x000000008fd00000)
 Metaspace       used 67707K, committed 69376K, reserved 1114112K
  class space    used 7128K, committed 7872K, reserved 1048576K
}
Event: 80742.543 GC heap after
{Heap after GC invocations=261 (full 3):
 PSYoungGen      total 8192K, used 384K [0x00000000d5580000, 0x00000000d5e80000, 0x0000000100000000)
  eden space 7680K, 0% used [0x00000000d5580000,0x00000000d5580000,0x00000000d5d00000)
  from space 512K, 75% used [0x00000000d5e00000,0x00000000d5e60000,0x00000000d5e80000)
  to   space 512K, 0% used [0x00000000d5d00000,0x00000000d5d00000,0x00000000d5d80000)
 ParOldGen       total 260608K, used 260096K [0x0000000080000000, 0x000000008fe80000, 0x00000000d5580000)
  object space 260608K, 99% used [0x0000000080000000,0x000000008fe00068,0x000000008fe80000)
 Metaspace       used 67707K, committed 69376K, reserved 1114112K
  class space    used 7128K, committed 7872K, reserved 1048576K
}
Event: 80742.551 GC heap before
{Heap before GC invocations=262 (full 3):
 PSYoungGen      total 8192K, used 8012K [0x00000000d5580000, 0x00000000d5e80000, 0x0000000100000000)
  eden space 7680K, 99% used [0x00000000d5580000,0x00000000d5cf3050,0x00000000d5d00000)
  from space 512K, 75% used [0x00000000d5e00000,0x00000000d5e60000,0x00000000d5e80000)
  to   space 512K, 0% used [0x00000000d5d00000,0x00000000d5d00000,0x00000000d5d80000)
 ParOldGen       total 260608K, used 260096K [0x0000000080000000, 0x000000008fe80000, 0x00000000d5580000)
  object space 260608K, 99% used [0x0000000080000000,0x000000008fe00068,0x000000008fe80000)
 Metaspace       used 67713K, committed 69376K, reserved 1114112K
  class space    used 7128K, committed 7872K, reserved 1048576K
}
Event: 80742.553 GC heap after
{Heap after GC invocations=262 (full 3):
 PSYoungGen      total 8192K, used 495K [0x00000000d5580000, 0x00000000d6400000, 0x0000000100000000)
  eden space 7680K, 0% used [0x00000000d5580000,0x00000000d5580000,0x00000000d5d00000)
  from space 512K, 96% used [0x00000000d5d00000,0x00000000d5d7bc40,0x00000000d5d80000)
  to   space 3584K, 0% used [0x00000000d6080000,0x00000000d6080000,0x00000000d6400000)
 ParOldGen       total 262656K, used 262401K [0x0000000080000000, 0x0000000090080000, 0x00000000d5580000)
  object space 262656K, 99% used [0x0000000080000000,0x00000000900404e8,0x0000000090080000)
 Metaspace       used 67713K, committed 69376K, reserved 1114112K
  class space    used 7128K, committed 7872K, reserved 1048576K
}
Event: 80742.578 GC heap before
{Heap before GC invocations=263 (full 3):
 PSYoungGen      total 8192K, used 8175K [0x00000000d5580000, 0x00000000d6400000, 0x0000000100000000)
  eden space 7680K, 100% used [0x00000000d5580000,0x00000000d5d00000,0x00000000d5d00000)
  from space 512K, 96% used [0x00000000d5d00000,0x00000000d5d7bc40,0x00000000d5d80000)
  to   space 3584K, 0% used [0x00000000d6080000,0x00000000d6080000,0x00000000d6400000)
 ParOldGen       total 262656K, used 262401K [0x0000000080000000, 0x0000000090080000, 0x00000000d5580000)
  object space 262656K, 99% used [0x0000000080000000,0x00000000900404e8,0x0000000090080000)
 Metaspace       used 67720K, committed 69376K, reserved 1114112K
  class space    used 7128K, committed 7872K, reserved 1048576K
}
Event: 80742.579 GC heap after
{Heap after GC invocations=263 (full 3):
 PSYoungGen      total 8192K, used 288K [0x00000000d5580000, 0x00000000d6100000, 0x0000000100000000)
  eden space 7680K, 0% used [0x00000000d5580000,0x00000000d5580000,0x00000000d5d00000)
  from space 512K, 56% used [0x00000000d6080000,0x00000000d60c8000,0x00000000d6100000)
  to   space 1536K, 0% used [0x00000000d5e00000,0x00000000d5e00000,0x00000000d5f80000)
 ParOldGen       total 263168K, used 262809K [0x0000000080000000, 0x0000000090100000, 0x00000000d5580000)
  object space 263168K, 99% used [0x0000000080000000,0x00000000900a64e8,0x0000000090100000)
 Metaspace       used 67720K, committed 69376K, reserved 1114112K
  class space    used 7128K, committed 7872K, reserved 1048576K
}
Event: 80743.816 GC heap before
{Heap before GC invocations=264 (full 3):
 PSYoungGen      total 8192K, used 7968K [0x00000000d5580000, 0x00000000d6100000, 0x0000000100000000)
  eden space 7680K, 100% used [0x00000000d5580000,0x00000000d5d00000,0x00000000d5d00000)
  from space 512K, 56% used [0x00000000d6080000,0x00000000d60c8000,0x00000000d6100000)
  to   space 1536K, 0% used [0x00000000d5e00000,0x00000000d5e00000,0x00000000d5f80000)
 ParOldGen       total 263168K, used 262809K [0x0000000080000000, 0x0000000090100000, 0x00000000d5580000)
  object space 263168K, 99% used [0x0000000080000000,0x00000000900a64e8,0x0000000090100000)
 Metaspace       used 68144K, committed 69696K, reserved 1114112K
  class space    used 7178K, committed 7872K, reserved 1048576K
}
Event: 80743.818 GC heap after
{Heap after GC invocations=264 (full 3):
 PSYoungGen      total 9216K, used 607K [0x00000000d5580000, 0x00000000d6100000, 0x0000000100000000)
  eden space 7680K, 0% used [0x00000000d5580000,0x00000000d5580000,0x00000000d5d00000)
  from space 1536K, 39% used [0x00000000d5e00000,0x00000000d5e97d08,0x00000000d5f80000)
  to   space 1024K, 0% used [0x00000000d6000000,0x00000000d6000000,0x00000000d6100000)
 ParOldGen       total 263168K, used 262969K [0x0000000080000000, 0x0000000090100000, 0x00000000d5580000)
  object space 263168K, 99% used [0x0000000080000000,0x00000000900ce4e8,0x0000000090100000)
 Metaspace       used 68144K, committed 69696K, reserved 1114112K
  class space    used 7178K, committed 7872K, reserved 1048576K
}
Event: 80744.137 GC heap before
{Heap before GC invocations=265 (full 3):
 PSYoungGen      total 9216K, used 8287K [0x00000000d5580000, 0x00000000d6100000, 0x0000000100000000)
  eden space 7680K, 100% used [0x00000000d5580000,0x00000000d5d00000,0x00000000d5d00000)
  from space 1536K, 39% used [0x00000000d5e00000,0x00000000d5e97d08,0x00000000d5f80000)
  to   space 1024K, 0% used [0x00000000d6000000,0x00000000d6000000,0x00000000d6100000)
 ParOldGen       total 263168K, used 262969K [0x0000000080000000, 0x0000000090100000, 0x00000000d5580000)
  object space 263168K, 99% used [0x0000000080000000,0x00000000900ce4e8,0x0000000090100000)
 Metaspace       used 68685K, committed 70272K, reserved 1114112K
  class space    used 7249K, committed 8000K, reserved 1048576K
}
Event: 80744.138 GC heap after
{Heap after GC invocations=265 (full 3):
 PSYoungGen      total 8704K, used 912K [0x00000000d5580000, 0x00000000d6100000, 0x0000000100000000)
  eden space 7680K, 0% used [0x00000000d5580000,0x00000000d5580000,0x00000000d5d00000)
  from space 1024K, 89% used [0x00000000d6000000,0x00000000d60e4030,0x00000000d6100000)
  to   space 1024K, 0% used [0x00000000d5f00000,0x00000000d5f00000,0x00000000d6000000)
 ParOldGen       total 263680K, used 263177K [0x0000000080000000, 0x0000000090180000, 0x00000000d5580000)
  object space 263680K, 99% used [0x0000000080000000,0x00000000901024f8,0x0000000090180000)
 Metaspace       used 68685K, committed 70272K, reserved 1114112K
  class space    used 7249K, committed 8000K, reserved 1048576K
}
Event: 80744.575 GC heap before
{Heap before GC invocations=266 (full 3):
 PSYoungGen      total 8704K, used 8592K [0x00000000d5580000, 0x00000000d6100000, 0x0000000100000000)
  eden space 7680K, 100% used [0x00000000d5580000,0x00000000d5d00000,0x00000000d5d00000)
  from space 1024K, 89% used [0x00000000d6000000,0x00000000d60e4030,0x00000000d6100000)
  to   space 1024K, 0% used [0x00000000d5f00000,0x00000000d5f00000,0x00000000d6000000)
 ParOldGen       total 263680K, used 263177K [0x0000000080000000, 0x0000000090180000, 0x00000000d5580000)
  object space 263680K, 99% used [0x0000000080000000,0x00000000901024f8,0x0000000090180000)
 Metaspace       used 68957K, committed 70592K, reserved 1114112K
  class space    used 7287K, committed 8000K, reserved 1048576K
}
Event: 80744.576 GC heap after
{Heap after GC invocations=266 (full 3):
 PSYoungGen      total 8704K, used 1024K [0x00000000d5580000, 0x00000000d6100000, 0x0000000100000000)
  eden space 7680K, 0% used [0x00000000d5580000,0x00000000d5580000,0x00000000d5d00000)
  from space 1024K, 100% used [0x00000000d5f00000,0x00000000d6000000,0x00000000d6000000)
  to   space 1024K, 0% used [0x00000000d6000000,0x00000000d6000000,0x00000000d6100000)
 ParOldGen       total 264192K, used 263789K [0x0000000080000000, 0x0000000090200000, 0x00000000d5580000)
  object space 264192K, 99% used [0x0000000080000000,0x000000009019b538,0x0000000090200000)
 Metaspace       used 68957K, committed 70592K, reserved 1114112K
  class space    used 7287K, committed 8000K, reserved 1048576K
}
Event: 80744.774 GC heap before
{Heap before GC invocations=267 (full 3):
 PSYoungGen      total 8704K, used 8704K [0x00000000d5580000, 0x00000000d6100000, 0x0000000100000000)
  eden space 7680K, 100% used [0x00000000d5580000,0x00000000d5d00000,0x00000000d5d00000)
  from space 1024K, 100% used [0x00000000d5f00000,0x00000000d6000000,0x00000000d6000000)
  to   space 1024K, 0% used [0x00000000d6000000,0x00000000d6000000,0x00000000d6100000)
 ParOldGen       total 264192K, used 263789K [0x0000000080000000, 0x0000000090200000, 0x00000000d5580000)
  object space 264192K, 99% used [0x0000000080000000,0x000000009019b538,0x0000000090200000)
 Metaspace       used 69097K, committed 70784K, reserved 1114112K
  class space    used 7305K, committed 8064K, reserved 1048576K
}
Event: 80744.775 GC heap after
{Heap after GC invocations=267 (full 3):
 PSYoungGen      total 8192K, used 512K [0x00000000d5580000, 0x00000000d6080000, 0x0000000100000000)
  eden space 7680K, 0% used [0x00000000d5580000,0x00000000d5580000,0x00000000d5d00000)
  from space 512K, 100% used [0x00000000d6000000,0x00000000d6080000,0x00000000d6080000)
  to   space 1024K, 0% used [0x00000000d5e80000,0x00000000d5e80000,0x00000000d5f80000)
 ParOldGen       total 264704K, used 264373K [0x0000000080000000, 0x0000000090280000, 0x00000000d5580000)
  object space 264704K, 99% used [0x0000000080000000,0x000000009022d538,0x0000000090280000)
 Metaspace       used 69097K, committed 70784K, reserved 1114112K
  class space    used 7305K, committed 8064K, reserved 1048576K
}
Event: 80744.895 GC heap before
{Heap before GC invocations=268 (full 3):
 PSYoungGen      total 8192K, used 8192K [0x00000000d5580000, 0x00000000d6080000, 0x0000000100000000)
  eden space 7680K, 100% used [0x00000000d5580000,0x00000000d5d00000,0x00000000d5d00000)
  from space 512K, 100% used [0x00000000d6000000,0x00000000d6080000,0x00000000d6080000)
  to   space 1024K, 0% used [0x00000000d5e80000,0x00000000d5e80000,0x00000000d5f80000)
 ParOldGen       total 296448K, used 295093K [0x0000000080000000, 0x0000000092180000, 0x00000000d5580000)
  object space 296448K, 99% used [0x0000000080000000,0x000000009202d568,0x0000000092180000)
 Metaspace       used 69688K, committed 71360K, reserved 1114112K
  class space    used 7367K, committed 8128K, reserved 1048576K
}
Event: 80744.896 GC heap after
{Heap after GC invocations=268 (full 3):
 PSYoungGen      total 8704K, used 485K [0x00000000d5580000, 0x00000000d6080000, 0x0000000100000000)
  eden space 7680K, 0% used [0x00000000d5580000,0x00000000d5580000,0x00000000d5d00000)
  from space 1024K, 47% used [0x00000000d5e80000,0x00000000d5ef9420,0x00000000d5f80000)
  to   space 1024K, 0% used [0x00000000d5f80000,0x00000000d5f80000,0x00000000d6080000)
 ParOldGen       total 296448K, used 295475K [0x0000000080000000, 0x0000000092180000, 0x00000000d5580000)
  object space 296448K, 99% used [0x0000000080000000,0x000000009208cc90,0x0000000092180000)
 Metaspace       used 69688K, committed 71360K, reserved 1114112K
  class space    used 7367K, committed 8128K, reserved 1048576K
}

